
  .   ____          _            __ _ _
 /\\ / ___'_ __ _ _(_)_ __  __ _ \ \ \ \
( ( )\___ | '_ | '_| | '_ \/ _` | \ \ \ \
 \\/  ___)| |_)| | | | | || (_| |  ) ) ) )
  '  |____| .__|_| |_|_| |_\__, | / / / /
 =========|_|==============|___/=/_/_/_/
 :: Spring Boot ::                (v2.4.5)

2021-05-18 15:25:57.112  INFO 5668 --- [           main] com.example.HelloWorldApplication        : Starting HelloWorldApplication v0.0.1-SNAPSHOT using Java 1.8.0_271 on Tapass-MacBook-Air.local with PID 5668 (/Users/tapashota/scripts/HelloWorld/target/HelloWorld-0.0.1-SNAPSHOT.jar started by tapashota in /Users/tapashota/scripts/HelloWorld)
2021-05-18 15:25:57.126  INFO 5668 --- [           main] com.example.HelloWorldApplication        : No active profile set, falling back to default profiles: default
2021-05-18 15:26:00.611  INFO 5668 --- [           main] o.s.b.w.embedded.tomcat.TomcatWebServer  : Tomcat initialized with port(s): 8080 (http)
2021-05-18 15:26:00.639  INFO 5668 --- [           main] o.apache.catalina.core.StandardService   : Starting service [Tomcat]
2021-05-18 15:26:00.640  INFO 5668 --- [           main] org.apache.catalina.core.StandardEngine  : Starting Servlet engine: [Apache Tomcat/9.0.45]
2021-05-18 15:26:00.792  INFO 5668 --- [           main] o.a.c.c.C.[Tomcat].[localhost].[/]       : Initializing Spring embedded WebApplicationContext
2021-05-18 15:26:00.793  INFO 5668 --- [           main] w.s.c.ServletWebServerApplicationContext : Root WebApplicationContext: initialization completed in 3464 ms
2021-05-18 15:26:01.529  INFO 5668 --- [           main] o.s.s.concurrent.ThreadPoolTaskExecutor  : Initializing ExecutorService 'applicationTaskExecutor'
2021-05-18 15:26:02.178  INFO 5668 --- [           main] o.s.b.a.e.web.EndpointLinksResolver      : Exposing 2 endpoint(s) beneath base path '/actuator'
2021-05-18 15:26:02.275  INFO 5668 --- [           main] o.s.b.w.embedded.tomcat.TomcatWebServer  : Tomcat started on port(s): 8080 (http) with context path ''
2021-05-18 15:26:02.309  INFO 5668 --- [           main] com.example.HelloWorldApplication        : Started HelloWorldApplication in 6.187 seconds (JVM running for 6.91)
Application is up & running...
2021-05-18 15:26:02.658  INFO 5668 --- [nio-8080-exec-1] o.a.c.c.C.[Tomcat].[localhost].[/]       : Initializing Spring DispatcherServlet 'dispatcherServlet'
2021-05-18 15:26:02.659  INFO 5668 --- [nio-8080-exec-1] o.s.web.servlet.DispatcherServlet        : Initializing Servlet 'dispatcherServlet'
2021-05-18 15:26:02.661  INFO 5668 --- [nio-8080-exec-1] o.s.web.servlet.DispatcherServlet        : Completed initialization in 2 ms
2021-05-18 15:49:52.760  INFO 5668 --- [extShutdownHook] o.s.s.concurrent.ThreadPoolTaskExecutor  : Shutting down ExecutorService 'applicationTaskExecutor'
